<?xml version="1.0" encoding="UTF-8"?>
<!-- Generated by org.testng.reporters.JUnitReportReporter -->
<testsuite ignored="0" hostname="DESKTOP-UF8DG65" failures="0" tests="1" name="pruebas.Laboratorio4b" time="1.226" errors="0" timestamp="05 oct. 2024 13:19:56 GMT" skipped="0">
  <testcase classname="pruebas.Laboratorio4b" name="irRegistroLogin" time="1.226"/>
</testsuite> <!-- pruebas.Laboratorio4b -->
