<?xml version="1.0" encoding="UTF-8"?>
<!-- Generated by org.testng.reporters.JUnitReportReporter -->
<testsuite ignored="0" hostname="DESKTOP-UF8DG65" failures="0" tests="3" name="pruebas.Laboratorio5_E1b" time="3.860" errors="0" timestamp="05 oct. 2024 14:11:21 GMT" skipped="0">
  <testcase classname="pruebas.Laboratorio5_E1b" name="irRegistroLogin" time="1.128"/>
  <testcase classname="pruebas.Laboratorio5_E1b" name="irRegistroLogin" time="1.401"/>
  <testcase classname="pruebas.Laboratorio5_E1b" name="irRegistroLogin" time="1.331"/>
</testsuite> <!-- pruebas.Laboratorio5_E1b -->
