<?xml version="1.0" encoding="UTF-8"?>
<!-- Generated by org.testng.reporters.JUnitReportReporter -->
<testsuite ignored="0" hostname="DESKTOP-UF8DG65" failures="0" tests="1" name="pruebas.Laboratorio6" time="2.554" errors="0" timestamp="19 oct. 2024 13:19:27 GMT" skipped="0">
  <testcase classname="pruebas.Laboratorio6" name="verNavegador_headless" time="2.554"/>
</testsuite> <!-- pruebas.Laboratorio6 -->
