<?xml version="1.0" encoding="UTF-8"?>
<!-- Generated by org.testng.reporters.JUnitReportReporter -->
<testsuite ignored="0" hostname="DESKTOP-UF8DG65" failures="0" tests="2" name="EducaITP.Annotations" time="0.038" errors="0" timestamp="28 sep. 2024 13:21:07 GMT" skipped="0">
  <testcase classname="EducaITP.Annotations" name="testCase2" time="0.012"/>
  <testcase classname="EducaITP.Annotations" name="testCase1" time="0.026"/>
</testsuite> <!-- EducaITP.Annotations -->
