<?xml version="1.0" encoding="UTF-8"?>
<!-- Generated by org.testng.reporters.JUnitReportReporter -->
<testsuite ignored="0" hostname="DESKTOP-UF8DG65" failures="0" tests="1" name="pruebas.Laboratorio5_E4" time="0.158" errors="0" timestamp="05 oct. 2024 16:07:28 GMT" skipped="0">
  <testcase classname="pruebas.Laboratorio5_E4" name="verCelda" time="0.158"/>
</testsuite> <!-- pruebas.Laboratorio5_E4 -->
