<?xml version="1.0" encoding="UTF-8"?>
<!-- Generated by org.testng.reporters.JUnitReportReporter -->
<testsuite ignored="0" hostname="DESKTOP-UF8DG65" failures="0" tests="1" name="EducaITP.Laboratorio3" time="5.076" errors="0" timestamp="28 sep. 2024 14:28:23 GMT" skipped="0">
  <testcase classname="EducaITP.Laboratorio3" name="registrarUsuario" time="5.076"/>
</testsuite> <!-- EducaITP.Laboratorio3 -->
