<?xml version="1.0" encoding="UTF-8"?>
<!-- Generated by org.testng.reporters.JUnitReportReporter -->
<testsuite ignored="0" hostname="DESKTOP-UF8DG65" failures="0" tests="2" name="pruebas.CrossBrowserTest" time="26.008" errors="0" timestamp="28 sep. 2024 15:15:41 GMT" skipped="0">
  <testcase classname="pruebas.CrossBrowserTest" name="buscarPalabra" time="12.457"/>
  <testcase classname="pruebas.CrossBrowserTest" name="buscarPalabra" time="13.551"/>
</testsuite> <!-- pruebas.CrossBrowserTest -->
