<?xml version="1.0" encoding="UTF-8"?>
<!-- Generated by org.testng.reporters.JUnitReportReporter -->
<testsuite ignored="0" hostname="DESKTOP-UF8DG65" failures="0" tests="1" name="pruebas.Laboratorio5_E2" time="2.167" errors="0" timestamp="05 oct. 2024 15:28:09 GMT" skipped="0">
  <testcase classname="pruebas.Laboratorio5_E2" name="cargarArchivo" time="2.167"/>
</testsuite> <!-- pruebas.Laboratorio5_E2 -->
