<?xml version="1.0" encoding="UTF-8"?>
<!-- Generated by org.testng.reporters.JUnitReportReporter -->
<testsuite ignored="0" hostname="DESKTOP-UF8DG65" failures="0" tests="1" name="pruebas.Laboratorio4" time="1.384" errors="0" timestamp="04 oct. 2024 22:13:39 GMT" skipped="0">
  <testcase classname="pruebas.Laboratorio4" name="irRegistroLogin" time="1.384"/>
</testsuite> <!-- pruebas.Laboratorio4 -->
